=========================
	     File1.txt	
=========================

Line Count: 8
Word Count: 117
Character Count: 477
Space Count: 109

---------------------
	     WORDS	
---------------------

{['can'] = 1, ['day'] = 1, ['up'] = 1, ['us'] = 2, ['tin'] = 1, ['hearts'] = 1, ['Your'] = 1, ['if'] = 1, ['want'] = 1, ['right'] = 1, ['Atticus'] = 2, ['dont'] = 4, ['sin'] = 3, ['thing'] = 2, ['Miss'] = 1, ['in'] = 2, ['time'] = 1, ['em'] = 1, ['it'] = 2, ['their'] = 1, ['and'] = 1, ['at'] = 1, ['about'] = 1, ['mockingbird'] = 2, ['say'] = 1, ['out'] = 1, ['for'] = 2, ['heard'] = 1, ['They'] = 1, ['music'] = 1, ['That'] = 1, ['Jem'] = 1, ['you'] = 3, ['rather'] = 1, ['sing'] = 1, ['remember'] = 1, ['fathers'] = 1, ['Id'] = 1, ['its'] = 2, ['Shoot'] = 1, ['kill'] = 2, ['after'] = 1, ['they'] = 1, ['backyard'] = 1, ['only'] = 1, ['except'] = 1, ['one'] = 3, ['nest'] = 1, ['I'] = 3, ['said'] = 2, ['enjoy'] = 1, ['something'] = 1, ['asked'] = 1, ['youll'] = 1, ['make'] = 1, ['ever'] = 1, ['a'] = 5, ['go'] = 1, ['Mockingbirds'] = 1, ['Thats'] = 1, ['peoples'] = 1, ['shot'] = 1, ['hit'] = 1, ['blue'] = 1, ['why'] = 1, ['the'] = 3, ['all'] = 1, ['cans'] = 1, ['to'] = 5, ['Maudie'] = 1, ['she'] = 1, ['cribs'] = 1, ['birds'] = 1, ['know'] = 1, ['jays'] = 1, ['gardens'] = 1, ['do'] = 3, ['but'] = 3, ['eat'] = 1, ['corn'] = 1, ['was'] = 2}

--------------------------
	     CHARACTERS	
--------------------------

{[' '] = 109, ['"'] = 6, ['''] = 12, [','] = 8, ['.'] = 7, ['A'] = 2, ['I'] = 4, ['J'] = 1, ['M'] = 3, ['S'] = 1, ['T'] = 3, ['Y'] = 1, ['a'] = 33, ['b'] = 12, ['c'] = 12, ['d'] = 21, ['e'] = 36, ['f'] = 5, ['g'] = 10, ['h'] = 21, ['i'] = 36, ['j'] = 2, ['k'] = 9, ['l'] = 11, ['m'] = 10, ['n'] = 30, ['o'] = 37, ['p'] = 4, ['r'] = 22, ['s'] = 33, ['t'] = 47, ['u'] = 18, ['v'] = 1, ['w'] = 5, ['x'] = 1, ['y'] = 13}

=========================
	     File2.txt	
=========================

Line Count: 9
Word Count: 240
Character Count: 1033
Space Count: 232

---------------------
	     WORDS	
---------------------

{['can'] = 3, ['surmount'] = 1, ['with'] = 2, ['us'] = 4, ['if'] = 1, ['see'] = 2, ['round'] = 2, ['imperceptible'] = 1, ['in'] = 3, ['favourable'] = 2, ['think'] = 1, ['is'] = 1, ['comes'] = 1, ['it'] = 6, ['and'] = 2, ['believe'] = 2, ['as'] = 1, ['also'] = 1, ['our'] = 3, ['then'] = 1, ['generally'] = 1, ['no'] = 1, ['intolerable'] = 1, ['because'] = 2, ['that'] = 2, ['around'] = 1, ['beyond'] = 1, ['becomes'] = 1, ['barely'] = 1, ['taken'] = 1, ['The'] = 1, ['accordance'] = 2, ['led'] = 1, ['we'] = 8, ['otherwise'] = 1, ['of'] = 2, ['distance'] = 1, ['so'] = 1, ['failed'] = 1, ['outcome'] = 2, ['things'] = 2, ['succeed'] = 1, ['become'] = 1, ['obstacle'] = 1, ['We'] = 3, ['which'] = 1, ['unimportant'] = 1, ['were'] = 1, ['desires'] = 3, ['the'] = 5, ['turn'] = 1, ['has'] = 2, ['to'] = 6, ['situation'] = 1, ['pass'] = 1, ['past'] = 1, ['gaze'] = 1, ['absolutely'] = 1, ['not'] = 2, ['into'] = 1, ['life'] = 1, ['change'] = 3, ['changing'] = 1, ['do'] = 3, ['determined'] = 1, ['have'] = 1, ['but'] = 2, ['gradually'] = 1, ['hoped'] = 1, ['was'] = 1}

--------------------------
	     CHARACTERS	
--------------------------

{[' '] = 123, [','] = 7, ['-'] = 1, ['.'] = 4, [':'] = 1, ['T'] = 1, ['W'] = 3, ['a'] = 43, ['b'] = 16, ['c'] = 26, ['d'] = 22, ['e'] = 80, ['f'] = 7, ['g'] = 10, ['h'] = 25, ['i'] = 35, ['k'] = 2, ['l'] = 19, ['m'] = 9, ['n'] = 37, ['o'] = 43, ['p'] = 6, ['r'] = 24, ['s'] = 35, ['t'] = 49, ['u'] = 26, ['v'] = 5, ['w'] = 14, ['y'] = 5, ['z'] = 1}

